\BOOKMARK [0][-]{toc.0}{\376\377\166\356\000\040\137\125}{}% 1
\BOOKMARK [0][-]{chapter.1}{\376\377\173\054\0001\172\340\000\040\176\352\213\272}{}% 2
\BOOKMARK [1][-]{section.1.1}{\376\377\0001\000.\0001\000\040\170\024\172\166\166\356\166\204\116\016\141\017\116\111}{chapter.1}% 3
\BOOKMARK [1][-]{section.1.2}{\376\377\0001\000.\0002\000\040\166\356\150\007\150\300\155\113\123\321\134\125\123\206\172\013}{chapter.1}% 4
\BOOKMARK [2][-]{subsection.1.2.1}{\376\377\0001\000.\0002\000.\0001\000\040\117\040\176\337\166\356\150\007\150\300\155\113}{section.1.2}% 5
\BOOKMARK [2][-]{subsection.1.2.2}{\376\377\0001\000.\0002\000.\0002\000\040\127\372\116\216\155\361\136\246\133\146\116\140\166\204\166\356\150\007\150\300\155\113}{section.1.2}% 6
\BOOKMARK [1][-]{section.1.3}{\376\377\0001\000.\0003\000\040\000Y\000O\000L\000O\127\050\116\244\220\032\133\211\121\150\230\206\127\337\166\204\136\224\165\050}{chapter.1}% 7
\BOOKMARK [1][-]{section.1.4}{\376\377\0001\000.\0004\000\040\170\024\172\166\116\016\213\276\213\241\121\205\133\271}{chapter.1}% 8
\BOOKMARK [1][-]{section.1.5}{\376\377\0001\000.\0005\000\040\172\340\202\202\133\211\143\222}{chapter.1}% 9
\BOOKMARK [0][-]{chapter.2}{\376\377\173\054\0002\172\340\000\040\000Y\000O\000L\000O\173\227\154\325\166\370\121\163\164\006\213\272}{}% 10
\BOOKMARK [1][-]{section.2.1}{\376\377\0002\000.\0001\000\040\000Y\000O\000L\000O\000v\0001\0001\177\121\176\334\176\323\147\204}{chapter.2}% 11
\BOOKMARK [2][-]{subsection.2.1.1}{\376\377\0002\000.\0001\000.\0001\000\040\232\250\136\162\177\121\176\334}{section.2.1}% 12
\BOOKMARK [2][-]{subsection.2.1.2}{\376\377\0002\000.\0001\000.\0002\000\040\230\210\220\350\177\121\176\334}{section.2.1}% 13
\BOOKMARK [2][-]{subsection.2.1.3}{\376\377\0002\000.\0001\000.\0003\000\040\150\300\155\113\131\064}{section.2.1}% 14
\BOOKMARK [1][-]{section.2.2}{\376\377\0002\000.\0002\000\040\000Y\000O\000L\000O\000v\0001\0001\143\137\131\061\121\375\145\160}{chapter.2}% 15
\BOOKMARK [2][-]{subsection.2.2.1}{\376\377\0002\000.\0002\000.\0001\000\040\217\271\165\114\150\106\126\336\137\122\143\137\131\061}{section.2.2}% 16
\BOOKMARK [2][-]{subsection.2.2.2}{\376\377\0002\000.\0002\000.\0002\000\040\122\006\174\173\143\137\131\061}{section.2.2}% 17
\BOOKMARK [2][-]{subsection.2.2.3}{\376\377\0002\000.\0002\000.\0003\000\040\122\006\136\003\143\137\131\061}{section.2.2}% 18
\BOOKMARK [1][-]{section.2.3}{\376\377\0002\000.\0003\000\040\147\054\172\340\134\017\176\323}{chapter.2}% 19
\BOOKMARK [0][-]{chapter.3}{\376\377\173\054\0003\172\340\000\040\145\160\143\156\226\306\147\204\136\372\123\312\213\255\176\303\123\302\145\160\213\276\177\156}{}% 20
\BOOKMARK [1][-]{section.3.1}{\376\377\0003\000.\0001\000\040\145\160\143\156\226\306\147\204\136\372}{chapter.3}% 21
\BOOKMARK [1][-]{section.3.2}{\376\377\0003\000.\0002\000\040\133\236\232\214\163\257\130\203}{chapter.3}% 22
\BOOKMARK [1][-]{section.3.3}{\376\377\0003\000.\0003\000\040\123\302\145\160\213\276\177\156}{chapter.3}% 23
\BOOKMARK [1][-]{section.3.4}{\376\377\0003\000.\0004\000\040\147\054\172\340\134\017\176\323}{chapter.3}% 24
\BOOKMARK [0][-]{chapter.4}{\376\377\173\054\0004\172\340\000\040\133\236\232\214\176\323\147\234\116\016\122\006\147\220}{}% 25
\BOOKMARK [1][-]{section.4.1}{\376\377\0004\000.\0001\000\040\213\304\116\367\143\007\150\007}{chapter.4}% 26
\BOOKMARK [2][-]{subsection.4.1.1}{\376\377\0004\000.\0001\000.\0001\000\040\174\276\136\246\213\304\116\367\143\007\150\007}{section.4.1}% 27
\BOOKMARK [2][-]{subsection.4.1.2}{\376\377\0004\000.\0001\000.\0002\000\040\220\037\136\246\213\304\116\367\143\007\150\007}{section.4.1}% 28
\BOOKMARK [1][-]{section.4.2}{\376\377\0004\000.\0002\000\040\133\236\232\214\176\323\147\234\122\006\147\220}{chapter.4}% 29
\BOOKMARK [2][-]{subsection.4.2.1}{\376\377\0004\000.\0002\000.\0001\000\040\131\064\166\324\117\151\142\064\140\305\121\265\152\041\127\213}{section.4.2}% 30
\BOOKMARK [2][-]{subsection.4.2.2}{\376\377\0004\000.\0002\000.\0002\000\040\232\176\232\166\124\130\000i\000d\152\041\127\213}{section.4.2}% 31
\BOOKMARK [1][-]{section.4.3}{\376\377\0004\000.\0003\000\040\147\054\172\340\134\017\176\323}{chapter.4}% 32
\BOOKMARK [0][-]{chapter.5}{\376\377\173\054\0005\172\340\000\040\150\300\155\113\174\373\176\337\166\204\213\276\213\241\116\016\133\236\163\260}{}% 33
\BOOKMARK [1][-]{section.5.1}{\376\377\0005\000.\0001\000\040\227\000\154\102\122\006\147\220}{chapter.5}% 34
\BOOKMARK [1][-]{section.5.2}{\376\377\0005\000.\0002\000\040\174\373\176\337\145\164\117\123\147\266\147\204}{chapter.5}% 35
\BOOKMARK [1][-]{section.5.3}{\376\377\0005\000.\0003\000\040\122\115\172\357\152\041\127\127\213\276\213\241\116\016\133\236\163\260}{chapter.5}% 36
\BOOKMARK [2][-]{subsection.5.3.1}{\376\377\0005\000.\0003\000.\0001\000\040\166\356\150\007\150\300\155\113\165\114\227\142}{section.5.3}% 37
\BOOKMARK [2][-]{subsection.5.3.2}{\376\377\0005\000.\0003\000.\0002\000\040\213\260\137\125\147\345\213\342\165\114\227\142}{section.5.3}% 38
\BOOKMARK [1][-]{section.5.4}{\376\377\0005\000.\0004\000\040\124\016\172\357\152\041\127\127\213\276\213\241\116\016\133\236\163\260}{chapter.5}% 39
\BOOKMARK [2][-]{subsection.5.4.1}{\376\377\0005\000.\0004\000.\0001\000\040\136\223\210\150\176\323\147\204}{section.5.4}% 40
\BOOKMARK [2][-]{subsection.5.4.2}{\376\377\0005\000.\0004\000.\0002\000\040\150\300\155\113\152\041\127\127}{section.5.4}% 41
\BOOKMARK [2][-]{subsection.5.4.3}{\376\377\0005\000.\0004\000.\0003\000\040\144\034\175\042\152\041\127\127}{section.5.4}% 42
\BOOKMARK [1][-]{section.5.5}{\376\377\0005\000.\0005\000\040\147\054\172\340\134\017\176\323}{chapter.5}% 43
\BOOKMARK [0][-]{chapter.6}{\376\377\173\054\0006\172\340\000\040\140\073\176\323\116\016\134\125\147\033}{}% 44
\BOOKMARK [1][-]{section.6.1}{\376\377\0006\000.\0001\000\040\147\054\145\207\135\345\117\134\140\073\176\323}{chapter.6}% 45
\BOOKMARK [1][-]{section.6.2}{\376\377\0006\000.\0002\000\040\170\024\172\166\134\125\147\033}{chapter.6}% 46
\BOOKMARK [0][-]{chapter*.37}{\376\377\123\302\200\003\145\207\163\056}{}% 47
\BOOKMARK [0][-]{chapter*.38}{\376\377\201\364\000\040\214\042}{}% 48
